<?xml version="1.0" encoding="UTF-8"?>
<!-- Generated by org.testng.reporters.JUnitReportReporter -->
<testsuite skipped="0" hostname="DESKTOP-C6DM1BR" name="com.actitime.testscript.Demo" tests="1" failures="0" timestamp="2021-04-14T23:22:31 IST" time="0.014" errors="0">
  <testcase name="testDemo" time="0.014" classname="com.actitime.testscript.Demo"/>
  <system-out>
welcome to testng  </system-out>
</testsuite> <!-- com.actitime.testscript.Demo -->
