<?xml version="1.0" encoding="UTF-8"?>
<!-- Generated by org.testng.reporters.JUnitReportReporter -->
<testsuite skipped="0" hostname="DESKTOP-C6DM1BR" name="com.zohocrm.testscript.Demo" tests="2" failures="0" timestamp="2021-04-08T13:44:46 IST" time="0.018" errors="0">
  <testcase name="stop" time="0.008" classname="com.zohocrm.testscript.Demo"/>
  <system-out>
bye  </system-out>
  <testcase name="run" time="0.010" classname="com.zohocrm.testscript.Demo"/>
  <system-out/>
</testsuite> <!-- com.zohocrm.testscript.Demo -->
